2026-01-16 10:03:52,439 - GmailWatcher - INFO - ==================================================
2026-01-16 10:03:52,442 - GmailWatcher - INFO - Gmail Watcher Starting...
2026-01-16 10:03:52,442 - GmailWatcher - INFO - Vault Path: D:\Hacathan_2\Vault
2026-01-16 10:03:52,443 - GmailWatcher - INFO - Poll Interval: 60 seconds
2026-01-16 10:03:52,443 - GmailWatcher - INFO - Dry Run: False
2026-01-16 10:03:52,444 - GmailWatcher - INFO - ==================================================
2026-01-16 10:03:52,495 - GmailWatcher - INFO - Refreshing expired credentials...
2026-01-16 10:03:53,602 - GmailWatcher - INFO - Credentials saved to D:\Hacathan_2\config\token.json
2026-01-16 10:03:53,613 - googleapiclient.discovery_cache - INFO - file_cache is only supported with oauth2client<4.0.0
2026-01-16 10:03:53,656 - GmailWatcher - INFO - Successfully authenticated with Gmail API
2026-01-16 10:19:00,553 - GmailWatcher - INFO - Processing: Ready for work, Muhammad Abdullah? Here’s how to win clients in 2026
2026-01-16 10:19:00,553 - GmailWatcher - INFO - Created task file: D:\Hacathan_2\Vault\Needs_Action\2026-01-16_10-19_gmail_high_Ready for work Muhammad Abdullah Heres how to win .md
2026-01-16 10:34:06,915 - GmailWatcher - INFO - Processing: An unknown device or browser has been used to access your account
2026-01-16 10:34:06,928 - GmailWatcher - INFO - Created task file: D:\Hacathan_2\Vault\Needs_Action\2026-01-16_10-34_gmail_medium_An unknown device or browser has been used to acce.md
2026-01-16 19:49:15,684 - GmailWatcher - INFO - ==================================================
2026-01-16 19:49:15,686 - GmailWatcher - INFO - Gmail Watcher Starting...
2026-01-16 19:49:15,686 - GmailWatcher - INFO - Vault Path: D:\Hacathan_2\Vault
2026-01-16 19:49:15,686 - GmailWatcher - INFO - Poll Interval: 60 seconds
2026-01-16 19:49:15,686 - GmailWatcher - INFO - Dry Run: False
2026-01-16 19:49:15,686 - GmailWatcher - INFO - ==================================================
2026-01-16 19:49:15,711 - GmailWatcher - INFO - Refreshing expired credentials...
2026-01-16 19:49:17,587 - GmailWatcher - INFO - Credentials saved to D:\Hacathan_2\config\token.json
2026-01-16 19:49:17,597 - googleapiclient.discovery_cache - INFO - file_cache is only supported with oauth2client<4.0.0
2026-01-16 19:49:17,602 - GmailWatcher - INFO - Successfully authenticated with Gmail API
2026-01-16 19:49:21,629 - GmailWatcher - INFO - Processing: New device registration for Remember me
2026-01-16 19:49:21,635 - GmailWatcher - INFO - Created task file: D:\Hacathan_2\Vault\Needs_Action\2026-01-16_19-49_gmail_medium_New device registration for Remember me.md
2026-01-16 19:49:21,662 - GmailWatcher - INFO - Processing: Your Supabase Project AbdullahMalik17's Project has been paused.
2026-01-16 19:49:21,664 - GmailWatcher - INFO - Created task file: D:\Hacathan_2\Vault\Needs_Action\2026-01-16_19-49_gmail_medium_Your Supabase Project AbdullahMalik17s Project has.md
2026-01-16 21:58:28,985 - GmailWatcher - INFO - ==================================================
2026-01-16 21:58:28,986 - GmailWatcher - INFO - Gmail Watcher Starting...
2026-01-16 21:58:28,986 - GmailWatcher - INFO - Vault Path: D:\Hacathan_2\Vault
2026-01-16 21:58:28,986 - GmailWatcher - INFO - Poll Interval: 60 seconds
2026-01-16 21:58:28,986 - GmailWatcher - INFO - Dry Run: False
2026-01-16 21:58:28,986 - GmailWatcher - INFO - ==================================================
2026-01-16 21:58:29,054 - GmailWatcher - INFO - Refreshing expired credentials...
2026-01-16 21:58:31,267 - GmailWatcher - INFO - Credentials saved to D:\Hacathan_2\config\token.json
2026-01-16 21:58:31,277 - googleapiclient.discovery_cache - INFO - file_cache is only supported with oauth2client<4.0.0
2026-01-16 21:58:31,318 - GmailWatcher - INFO - Successfully authenticated with Gmail API
2026-01-16 22:55:51,997 - GmailWatcher - INFO - ==================================================
2026-01-16 22:55:51,998 - GmailWatcher - INFO - Gmail Watcher Starting...
2026-01-16 22:55:51,999 - GmailWatcher - INFO - Vault Path: D:\Hacathan_2\Vault
2026-01-16 22:55:51,999 - GmailWatcher - INFO - Poll Interval: 60 seconds
2026-01-16 22:55:51,999 - GmailWatcher - INFO - Dry Run: False
2026-01-16 22:55:51,999 - GmailWatcher - INFO - ==================================================
2026-01-16 22:55:52,034 - GmailWatcher - INFO - Refreshing expired credentials...
2026-01-16 22:55:52,829 - GmailWatcher - INFO - Credentials saved to D:\Hacathan_2\config\token.json
2026-01-16 22:55:52,836 - googleapiclient.discovery_cache - INFO - file_cache is only supported with oauth2client<4.0.0
2026-01-16 22:55:52,879 - GmailWatcher - INFO - Successfully authenticated with Gmail API
